<?xml version="1.0" encoding="UTF-8"?>
<!-- Generated by org.testng.reporters.JUnitReportReporter -->
<testsuite hostname="LIN24009616" failures="0" tests="1" name="com.testNG.NewTest4" time="0.072" errors="0" timestamp="2023-08-24T09:33:51 IST" skipped="0">
  <testcase classname="com.testNG.NewTest4" name="login" time="0.072"/>
</testsuite> <!-- com.testNG.NewTest4 -->
