<?xml version="1.0" encoding="UTF-8"?>
<!-- Generated by org.testng.reporters.JUnitReportReporter -->
<testsuite hostname="LIN24009616" failures="0" tests="1" name="com.Repository.ExtentRepo" time="8.670" errors="0" timestamp="2023-08-25T15:05:41 IST" skipped="0">
  <testcase classname="com.Repository.ExtentRepo" name="verifyTitle" time="8.670"/>
</testsuite> <!-- com.Repository.ExtentRepo -->
