<?xml version="1.0" encoding="UTF-8"?>
<!-- Generated by org.testng.reporters.JUnitReportReporter -->
<testsuite hostname="LIN24009616" failures="0" tests="6" name="com.testNG.Newtest3" time="7.002" errors="0" timestamp="2023-08-23T17:35:33 IST" skipped="0">
  <testcase classname="com.testNG.Newtest3" name="login" time="3.637"/>
  <testcase classname="com.testNG.Newtest3" name="login" time="2.090"/>
  <testcase classname="com.testNG.Newtest3" name="test2" time="0.592"/>
  <testcase classname="com.testNG.Newtest3" name="test2" time="0.365"/>
  <testcase classname="com.testNG.Newtest3" name="teardown" time="0.145"/>
  <testcase classname="com.testNG.Newtest3" name="teardown" time="0.173"/>
</testsuite> <!-- com.testNG.Newtest3 -->
