<?xml version="1.0" encoding="UTF-8"?>
<!-- Generated by org.testng.reporters.JUnitReportReporter -->
<testsuite hostname="LIN24009616" failures="0" tests="1" name="com.testNG.NewTestAnnotation" time="0.008" errors="0" timestamp="2023-08-23T14:32:13 IST" skipped="0">
  <testcase classname="com.testNG.NewTestAnnotation" name="sampleMethod" time="0.008"/>
</testsuite> <!-- com.testNG.NewTestAnnotation -->
