<?xml version="1.0" encoding="UTF-8"?>
<!-- Generated by org.testng.reporters.JUnitReportReporter -->
<testsuite hostname="LIN24009616" failures="0" tests="2" name="runner.LoginRunner" time="8.303" errors="0" timestamp="2023-08-29T18:00:32 IST" skipped="0">
  <testcase classname="runner.LoginRunner" name="runScenario" time="5.153"/>
  <testcase classname="runner.LoginRunner" name="runScenario" time="3.150"/>
</testsuite> <!-- runner.LoginRunner -->
