<?xml version="1.0" encoding="UTF-8"?>
<!-- Generated by org.testng.reporters.JUnitReportReporter -->
<testsuite hostname="LIN24009616" failures="0" tests="1" name="com.Repository.SwagRespoTest" time="5.829" errors="0" timestamp="2023-08-25T11:43:32 IST" skipped="0">
  <testcase classname="com.Repository.SwagRespoTest" name="testobj" time="5.829"/>
</testsuite> <!-- com.Repository.SwagRespoTest -->
