<?xml version="1.0" encoding="UTF-8"?>
<!-- Generated by org.testng.reporters.JUnitReportReporter -->
<testsuite hostname="LIN24009616" failures="0" tests="1" name="com.Pages.LoginPF" time="9.752" errors="0" timestamp="2023-08-25T09:11:00 IST" skipped="0">
  <testcase classname="com.Pages.LoginPF" name="verifyswagLog" time="9.752"/>
</testsuite> <!-- com.Pages.LoginPF -->
