<?xml version="1.0" encoding="UTF-8"?>
<!-- Generated by org.testng.reporters.JUnitReportReporter -->
<testsuite hostname="LIN24009616" failures="0" tests="2" name="com.testNG.CrossBrowserTest" time="2.101" errors="0" timestamp="2023-08-24T14:48:57 IST" skipped="0">
  <testcase classname="com.testNG.CrossBrowserTest" name="imageClick" time="1.166"/>
  <testcase classname="com.testNG.CrossBrowserTest" name="imageClick" time="0.935"/>
</testsuite> <!-- com.testNG.CrossBrowserTest -->
