<?xml version="1.0" encoding="UTF-8"?>
<!-- Generated by org.testng.reporters.JUnitReportReporter -->
<testsuite hostname="LIN24009616" failures="0" tests="3" name="com.testNG.DataProviderTest" time="41.171" errors="0" timestamp="2023-08-24T11:20:40 IST" skipped="0">
  <testcase classname="com.testNG.DataProviderTest" name="testLog" time="11.915"/>
  <testcase classname="com.testNG.DataProviderTest" name="testLog" time="17.066"/>
  <testcase classname="com.testNG.DataProviderTest" name="testLog" time="12.190"/>
</testsuite> <!-- com.testNG.DataProviderTest -->
