<?xml version="1.0" encoding="UTF-8"?>
<!-- Generated by org.testng.reporters.JUnitReportReporter -->
<testsuite hostname="LIN24009616" failures="0" tests="1" name="com.testNG.NewTest" time="4.811" errors="0" timestamp="2023-08-23T13:15:42 IST" skipped="0">
  <testcase classname="com.testNG.NewTest" name="f" time="4.811"/>
</testsuite> <!-- com.testNG.NewTest -->
